[0mGET / [36m304 [0m167.306 ms - -[0m
[0mGET /depend.js [36m304 [0m7.228 ms - -[0m
[0mGET /bundle.css [32m200 [0m13.264 ms - 102[0m
[0mGET /bundle.js [32m200 [0m11.549 ms - 664[0m
[0mGET / [36m304 [0m22.514 ms - -[0m
[0mGET /bundle.css [36m304 [0m2.353 ms - -[0m
[0mGET /depend.js [36m304 [0m1.860 ms - -[0m
[0mGET /bundle.js [36m304 [0m1.416 ms - -[0m
[0mGET / [36m304 [0m10.518 ms - -[0m
[0mGET /bundle.css [36m304 [0m1.036 ms - -[0m
[0mGET /depend.js [36m304 [0m1.107 ms - -[0m
[0mGET /bundle.js [36m304 [0m1.118 ms - -[0m
[0mGET / [36m304 [0m12.623 ms - -[0m
[0mGET /bundle.css [36m304 [0m1.902 ms - -[0m
[0mGET /depend.js [36m304 [0m1.621 ms - -[0m
[0mGET /bundle.js [36m304 [0m1.584 ms - -[0m
[0mGET / [36m304 [0m13.112 ms - -[0m
[0mGET /bundle.css [36m304 [0m1.904 ms - -[0m
[0mGET /depend.js [36m304 [0m2.049 ms - -[0m
[0mGET /bundle.js [36m304 [0m4.031 ms - -[0m
[0mGET / [36m304 [0m7.358 ms - -[0m
[0mGET /depend.js [36m304 [0m3.571 ms - -[0m
[0mGET /bundle.js [36m304 [0m3.405 ms - -[0m
[0mGET /bundle.css [32m200 [0m5.449 ms - 105[0m
[0mGET / [36m304 [0m7.823 ms - -[0m
[0mGET /depend.js [36m304 [0m2.167 ms - -[0m
[0mGET /bundle.js [36m304 [0m2.579 ms - -[0m
[0mGET /bundle.css [32m200 [0m4.484 ms - 103[0m
[0mGET / [36m304 [0m171.190 ms - -[0m
[0mGET /bundle.css [36m304 [0m8.166 ms - -[0m
[0mGET /depend.js [36m304 [0m5.782 ms - -[0m
[0mGET /bundle.js [32m200 [0m9.202 ms - 664[0m
[0mGET / [36m304 [0m18.123 ms - -[0m
[0mGET /bundle.css [36m304 [0m2.265 ms - -[0m
[0mGET /depend.js [36m304 [0m2.711 ms - -[0m
[0mGET /bundle.js [36m304 [0m1.900 ms - -[0m
[0mGET / [36m304 [0m13.244 ms - -[0m
[0mGET /depend.js [36m304 [0m1.755 ms - -[0m
[0mGET /bundle.js [36m304 [0m1.677 ms - -[0m
[0mGET /bundle.css [32m200 [0m3.941 ms - 103[0m
[0mGET / [36m304 [0m15.512 ms - -[0m
[0mGET /bundle.css [36m304 [0m1.611 ms - -[0m
[0mGET /depend.js [36m304 [0m1.718 ms - -[0m
[0mGET /bundle.js [36m304 [0m1.738 ms - -[0m
[0mGET / [36m304 [0m15.666 ms - -[0m
[0mGET /bundle.css [36m304 [0m1.253 ms - -[0m
[0mGET /depend.js [36m304 [0m1.605 ms - -[0m
[0mGET /bundle.js [36m304 [0m2.287 ms - -[0m
[0mGET / [36m304 [0m6.216 ms - -[0m
[0mGET /depend.js [36m304 [0m0.779 ms - -[0m
[0mGET /bundle.js [36m304 [0m1.005 ms - -[0m
[0mGET /bundle.css [32m200 [0m2.001 ms - 102[0m
[0mGET / [36m304 [0m8.359 ms - -[0m
[0mGET /bundle.css [36m304 [0m1.625 ms - -[0m
[0mGET /depend.js [36m304 [0m2.082 ms - -[0m
[0mGET /bundle.js [36m304 [0m2.453 ms - -[0m
[0mGET / [36m304 [0m169.259 ms - -[0m
[0mGET /depend.js [36m304 [0m7.279 ms - -[0m
[0mGET /bundle.css [32m200 [0m12.956 ms - 102[0m
[0mGET /bundle.js [32m200 [0m12.960 ms - 664[0m
[0mGET / [36m304 [0m25.484 ms - -[0m
[0mGET /bundle.css [36m304 [0m1.673 ms - -[0m
[0mGET /depend.js [36m304 [0m1.527 ms - -[0m
[0mGET /bundle.js [36m304 [0m1.529 ms - -[0m
[0mGET / [36m304 [0m14.680 ms - -[0m
[0mGET /depend.js [36m304 [0m1.379 ms - -[0m
[0mGET /bundle.js [36m304 [0m1.478 ms - -[0m
[0mGET /bundle.css [32m200 [0m2.602 ms - 102[0m
[0mGET / [36m304 [0m12.392 ms - -[0m
[0mGET /bundle.css [36m304 [0m2.922 ms - -[0m
[0mGET /depend.js [36m304 [0m2.304 ms - -[0m
[0mGET /bundle.js [36m304 [0m1.935 ms - -[0m
[0mGET / [36m304 [0m9.517 ms - -[0m
[0mGET /bundle.css [36m304 [0m2.506 ms - -[0m
[0mGET /depend.js [36m304 [0m2.570 ms - -[0m
[0mGET /bundle.js [36m304 [0m4.276 ms - -[0m
[0mGET / [36m304 [0m9.068 ms - -[0m
[0mGET /depend.js [36m304 [0m4.006 ms - -[0m
[0mGET /bundle.js [36m304 [0m3.162 ms - -[0m
[0mGET /bundle.css [32m200 [0m6.350 ms - 103[0m
[0mGET / [36m304 [0m15.661 ms - -[0m
[0mGET /bundle.css [36m304 [0m3.318 ms - -[0m
[0mGET /depend.js [36m304 [0m3.445 ms - -[0m
[0mGET /bundle.js [36m304 [0m3.013 ms - -[0m
[0mGET / [36m304 [0m13.884 ms - -[0m
[0mGET /depend.js [36m304 [0m0.649 ms - -[0m
[0mGET /bundle.js [36m304 [0m1.579 ms - -[0m
[0mGET /bundle.css [32m200 [0m2.451 ms - 103[0m
[0mGET / [36m304 [0m12.568 ms - -[0m
[0mGET /bundle.css [36m304 [0m1.204 ms - -[0m
[0mGET /depend.js [36m304 [0m1.308 ms - -[0m
[0mGET /bundle.js [36m304 [0m2.255 ms - -[0m
[0mGET / [36m304 [0m158.829 ms - -[0m
[0mGET /depend.js [36m304 [0m5.210 ms - -[0m
[0mGET /bundle.css [32m200 [0m9.495 ms - 102[0m
[0mGET /bundle.js [32m200 [0m4.065 ms - 664[0m
[0mGET / [36m304 [0m25.278 ms - -[0m
[0mGET /bundle.css [36m304 [0m1.794 ms - -[0m
[0mGET /depend.js [36m304 [0m2.001 ms - -[0m
[0mGET /bundle.js [36m304 [0m2.466 ms - -[0m
[0mGET / [36m304 [0m11.820 ms - -[0m
[0mGET /depend.js [36m304 [0m1.072 ms - -[0m
[0mGET /bundle.js [36m304 [0m1.572 ms - -[0m
[0mGET /bundle.css [32m200 [0m2.898 ms - 102[0m
[0mGET / [36m304 [0m28.690 ms - -[0m
[0mGET /bundle.css [36m304 [0m2.797 ms - -[0m
[0mGET /depend.js [36m304 [0m2.296 ms - -[0m
[0mGET /bundle.js [36m304 [0m2.700 ms - -[0m
[0mGET / [36m304 [0m10.082 ms - -[0m
[0mGET /bundle.css [36m304 [0m1.189 ms - -[0m
[0mGET /depend.js [36m304 [0m1.146 ms - -[0m
[0mGET /bundle.js [36m304 [0m2.232 ms - -[0m
[0mGET / [36m304 [0m8.867 ms - -[0m
[0mGET /bundle.css [36m304 [0m1.415 ms - -[0m
[0mGET /depend.js [36m304 [0m1.801 ms - -[0m
[0mGET /bundle.js [36m304 [0m2.180 ms - -[0m
[0mGET / [36m304 [0m22.355 ms - -[0m
[0mGET /depend.js [36m304 [0m0.969 ms - -[0m
[0mGET /bundle.js [36m304 [0m1.433 ms - -[0m
[0mGET /bundle.css [32m200 [0m2.388 ms - 103[0m
[0mGET / [36m304 [0m13.171 ms - -[0m
[0mGET /depend.js [36m304 [0m0.554 ms - -[0m
[0mGET /bundle.js [36m304 [0m0.889 ms - -[0m
[0mGET /bundle.css [32m200 [0m2.031 ms - 103[0m
[0mGET / [36m304 [0m15.533 ms - -[0m
[0mGET /bundle.css [36m304 [0m1.509 ms - -[0m
[0mGET /depend.js [36m304 [0m1.713 ms - -[0m
[0mGET /bundle.js [36m304 [0m1.275 ms - -[0m
[0mGET / [36m304 [0m6.994 ms - -[0m
[0mGET /bundle.css [36m304 [0m2.771 ms - -[0m
[0mGET /depend.js [36m304 [0m2.151 ms - -[0m
[0mGET /bundle.js [36m304 [0m1.507 ms - -[0m
[0mGET / [36m304 [0m10.008 ms - -[0m
[0mGET /bundle.css [36m304 [0m1.239 ms - -[0m
[0mGET /depend.js [36m304 [0m1.049 ms - -[0m
[0mGET /bundle.js [36m304 [0m1.563 ms - -[0m
[0mGET / [36m304 [0m5.037 ms - -[0m
[0mGET /depend.js [36m304 [0m0.740 ms - -[0m
[0mGET /bundle.js [36m304 [0m1.061 ms - -[0m
[0mGET /bundle.css [32m200 [0m2.044 ms - 102[0m
[0mGET / [36m304 [0m5.213 ms - -[0m
[0mGET /bundle.css [36m304 [0m1.156 ms - -[0m
[0mGET /depend.js [36m304 [0m1.423 ms - -[0m
[0mGET /bundle.js [36m304 [0m1.566 ms - -[0m
[0mGET / [36m304 [0m3.433 ms - -[0m
[0mGET /depend.js [36m304 [0m2.614 ms - -[0m
[0mGET /bundle.js [36m304 [0m1.594 ms - -[0m
[0mGET /bundle.css [32m200 [0m4.535 ms - 102[0m
[0mGET / [36m304 [0m7.555 ms - -[0m
[0mGET /bundle.css [36m304 [0m1.289 ms - -[0m
[0mGET /depend.js [36m304 [0m1.907 ms - -[0m
[0mGET /bundle.js [36m304 [0m1.942 ms - -[0m
[0mGET / [36m304 [0m6.518 ms - -[0m
[0mGET /bundle.css [36m304 [0m0.637 ms - -[0m
[0mGET /depend.js [36m304 [0m4.217 ms - -[0m
[0mGET /bundle.js [36m304 [0m5.251 ms - -[0m
[0mGET / [36m304 [0m4.509 ms - -[0m
[0mGET /bundle.css [36m304 [0m1.160 ms - -[0m
[0mGET /depend.js [36m304 [0m1.143 ms - -[0m
[0mGET /bundle.js [36m304 [0m1.326 ms - -[0m
[0mGET / [36m304 [0m3.329 ms - -[0m
[0mGET /bundle.css [36m304 [0m0.800 ms - -[0m
[0mGET /depend.js [36m304 [0m1.539 ms - -[0m
[0mGET /bundle.js [36m304 [0m2.295 ms - -[0m
[0mGET / [36m304 [0m3.933 ms - -[0m
[0mGET /bundle.css [36m304 [0m0.931 ms - -[0m
[0mGET /depend.js [36m304 [0m1.470 ms - -[0m
[0mGET /bundle.js [36m304 [0m2.310 ms - -[0m
[0mGET / [36m304 [0m3.363 ms - -[0m
[0mGET /bundle.css [36m304 [0m1.308 ms - -[0m
[0mGET /depend.js [36m304 [0m1.731 ms - -[0m
[0mGET /bundle.js [36m304 [0m2.107 ms - -[0m
[0mGET / [36m304 [0m3.558 ms - -[0m
[0mGET /bundle.css [36m304 [0m0.936 ms - -[0m
[0mGET /depend.js [36m304 [0m1.254 ms - -[0m
[0mGET /bundle.js [36m304 [0m1.436 ms - -[0m
[0mGET / [36m304 [0m6.043 ms - -[0m
[0mGET /bundle.css [36m304 [0m0.828 ms - -[0m
[0mGET /depend.js [36m304 [0m1.175 ms - -[0m
[0mGET /bundle.js [36m304 [0m2.877 ms - -[0m
[0mGET / [36m304 [0m5.079 ms - -[0m
[0mGET /bundle.css [36m304 [0m0.794 ms - -[0m
[0mGET /depend.js [36m304 [0m1.304 ms - -[0m
[0mGET /bundle.js [36m304 [0m1.561 ms - -[0m
[0mGET / [36m304 [0m4.552 ms - -[0m
[0mGET /bundle.css [36m304 [0m3.122 ms - -[0m
[0mGET /depend.js [36m304 [0m2.402 ms - -[0m
[0mGET /bundle.js [36m304 [0m2.428 ms - -[0m
[0mGET /bundle.css?livereload=1426459640284 [32m200 [0m1.234 ms - 103[0m
[0mGET / [36m304 [0m4.611 ms - -[0m
[0mGET /depend.js [36m304 [0m0.676 ms - -[0m
[0mGET /bundle.js [36m304 [0m0.808 ms - -[0m
[0mGET /bundle.css [32m200 [0m1.604 ms - 103[0m
[0mGET /bundle.css?livereload=1426459645829 [32m200 [0m1.012 ms - 103[0m
[0mGET / [36m304 [0m3.150 ms - -[0m
[0mGET /depend.js [36m304 [0m1.363 ms - -[0m
[0mGET /bundle.js [36m304 [0m1.966 ms - -[0m
[0mGET /bundle.css [32m200 [0m3.935 ms - 103[0m
[0mGET / [36m304 [0m5.457 ms - -[0m
[0mGET /bundle.css [36m304 [0m1.203 ms - -[0m
[0mGET /depend.js [36m304 [0m1.455 ms - -[0m
[0mGET /bundle.js [36m304 [0m1.733 ms - -[0m
[0mGET / [36m304 [0m4.304 ms - -[0m
[0mGET /bundle.css [36m304 [0m3.658 ms - -[0m
[0mGET /depend.js [36m304 [0m3.895 ms - -[0m
[0mGET /bundle.js [36m304 [0m3.581 ms - -[0m
[0mGET / [36m304 [0m5.435 ms - -[0m
[0mGET /bundle.css [36m304 [0m0.820 ms - -[0m
[0mGET /depend.js [36m304 [0m0.901 ms - -[0m
[0mGET /bundle.js [36m304 [0m1.046 ms - -[0m
[0mGET / [36m304 [0m7.953 ms - -[0m
[0mGET /bundle.css [36m304 [0m1.280 ms - -[0m
[0mGET /depend.js [36m304 [0m2.032 ms - -[0m
[0mGET /bundle.js [36m304 [0m2.239 ms - -[0m
[0mGET / [36m304 [0m7.150 ms - -[0m
[0mGET /bundle.css [36m304 [0m2.216 ms - -[0m
[0mGET /depend.js [36m304 [0m1.985 ms - -[0m
[0mGET /bundle.js [36m304 [0m1.856 ms - -[0m
[0mGET /bundle.css?livereload=1426459659224 [32m200 [0m0.912 ms - 105[0m
[0mGET / [36m304 [0m10.802 ms - -[0m
[0mGET /depend.js [36m304 [0m1.511 ms - -[0m
[0mGET /bundle.js [36m304 [0m2.246 ms - -[0m
[0mGET /bundle.css [32m200 [0m5.100 ms - 105[0m
[0mGET /bundle.css?livereload=1426459665665 [32m200 [0m17.270 ms - 103[0m
[0mGET /bundle.css?livereload=1426459669601 [32m200 [0m0.884 ms - 103[0m
[0mGET / [36m304 [0m8.033 ms - -[0m
[0mGET /depend.js [36m304 [0m1.364 ms - -[0m
[0mGET /bundle.js [36m304 [0m1.383 ms - -[0m
[0mGET /bundle.css [32m200 [0m2.940 ms - 103[0m
[0mGET /bundle.css?livereload=1426459676847 [32m200 [0m1.171 ms - 102[0m
[0mGET / [36m304 [0m165.142 ms - -[0m
[0mGET /depend.js [36m304 [0m4.902 ms - -[0m
[0mGET /bundle.css [32m200 [0m10.576 ms - 102[0m
[0mGET /bundle.js [32m200 [0m10.451 ms - 664[0m
[0mGET / [36m304 [0m22.684 ms - -[0m
[0mGET /bundle.css [36m304 [0m2.331 ms - -[0m
[0mGET /depend.js [36m304 [0m2.361 ms - -[0m
[0mGET /bundle.js [36m304 [0m2.138 ms - -[0m
[0mGET / [36m304 [0m9.188 ms - -[0m
[0mGET /bundle.css [36m304 [0m1.707 ms - -[0m
[0mGET /depend.js [36m304 [0m2.680 ms - -[0m
[0mGET /bundle.js [36m304 [0m2.554 ms - -[0m
[0mGET / [36m304 [0m16.019 ms - -[0m
[0mGET /bundle.css [36m304 [0m6.254 ms - -[0m
[0mGET /depend.js [36m304 [0m2.453 ms - -[0m
[0mGET /bundle.js [36m304 [0m2.164 ms - -[0m
[0mGET / [36m304 [0m8.789 ms - -[0m
[0mGET /bundle.css [36m304 [0m1.065 ms - -[0m
[0mGET /depend.js [36m304 [0m1.187 ms - -[0m
[0mGET /bundle.js [36m304 [0m2.078 ms - -[0m
[0mGET / [36m304 [0m15.309 ms - -[0m
[0mGET /bundle.css [36m304 [0m0.959 ms - -[0m
[0mGET /depend.js [36m304 [0m0.939 ms - -[0m
[0mGET /bundle.js [36m304 [0m1.395 ms - -[0m
[0mGET / [36m304 [0m10.978 ms - -[0m
[0mGET /bundle.css [36m304 [0m1.474 ms - -[0m
[0mGET /depend.js [36m304 [0m1.774 ms - -[0m
[0mGET /bundle.js [36m304 [0m2.166 ms - -[0m
[0mGET / [36m304 [0m11.068 ms - -[0m
[0mGET /bundle.css [36m304 [0m0.932 ms - -[0m
[0mGET /depend.js [36m304 [0m1.115 ms - -[0m
[0mGET /bundle.js [36m304 [0m1.773 ms - -[0m
[0mGET / [36m304 [0m157.318 ms - -[0m
[0mGET /depend.js [36m304 [0m6.360 ms - -[0m
[0mGET /bundle.css [32m200 [0m11.872 ms - 102[0m
[0mGET /bundle.js [32m200 [0m4.568 ms - 664[0m
[0mGET / [36m304 [0m22.816 ms - -[0m
[0mGET /bundle.css [36m304 [0m1.651 ms - -[0m
[0mGET /depend.js [36m304 [0m1.764 ms - -[0m
[0mGET /bundle.js [36m304 [0m1.911 ms - -[0m
[0mGET / [36m304 [0m7.802 ms - -[0m
[0mGET /bundle.css [36m304 [0m1.496 ms - -[0m
[0mGET /depend.js [36m304 [0m1.173 ms - -[0m
[0mGET /bundle.js [36m304 [0m1.326 ms - -[0m
[0mGET / [36m304 [0m15.468 ms - -[0m
[0mGET /bundle.css [36m304 [0m2.303 ms - -[0m
[0mGET /depend.js [36m304 [0m2.390 ms - -[0m
[0mGET /bundle.js [36m304 [0m2.373 ms - -[0m
[0mGET / [36m304 [0m9.181 ms - -[0m
[0mGET /bundle.css [36m304 [0m1.638 ms - -[0m
[0mGET /depend.js [36m304 [0m2.145 ms - -[0m
[0mGET /bundle.js [36m304 [0m3.209 ms - -[0m
[0mGET / [36m304 [0m7.311 ms - -[0m
[0mGET /bundle.css [36m304 [0m0.757 ms - -[0m
[0mGET /depend.js [36m304 [0m0.884 ms - -[0m
[0mGET /bundle.js [36m304 [0m1.060 ms - -[0m
[0mGET / [36m304 [0m8.710 ms - -[0m
[0mGET /bundle.css [36m304 [0m2.213 ms - -[0m
[0mGET /depend.js [36m304 [0m2.624 ms - -[0m
[0mGET /bundle.js [36m304 [0m2.951 ms - -[0m
[0mGET / [36m304 [0m12.501 ms - -[0m
[0mGET /bundle.css [36m304 [0m0.672 ms - -[0m
[0mGET /depend.js [36m304 [0m0.822 ms - -[0m
[0mGET /bundle.js [36m304 [0m1.033 ms - -[0m
[0mGET / [36m304 [0m11.126 ms - -[0m
[0mGET /bundle.css [36m304 [0m0.676 ms - -[0m
[0mGET /depend.js [36m304 [0m0.783 ms - -[0m
[0mGET /bundle.js [36m304 [0m1.023 ms - -[0m
[0mGET / [36m304 [0m9.968 ms - -[0m
[0mGET /bundle.css [36m304 [0m1.634 ms - -[0m
[0mGET /depend.js [36m304 [0m1.667 ms - -[0m
[0mGET /bundle.js [36m304 [0m1.181 ms - -[0m
[0mGET / [36m304 [0m11.795 ms - -[0m
[0mGET /bundle.css [36m304 [0m1.676 ms - -[0m
[0mGET /depend.js [36m304 [0m0.867 ms - -[0m
[0mGET /bundle.js [36m304 [0m0.528 ms - -[0m
[0mGET / [36m304 [0m160.604 ms - -[0m
[0mGET /bundle.css [36m304 [0m4.877 ms - -[0m
[0mGET /depend.js [36m304 [0m4.464 ms - -[0m
[0mGET /bundle.js [32m200 [0m7.708 ms - 664[0m
[0mGET / [36m304 [0m24.138 ms - -[0m
[0mGET /bundle.css [36m304 [0m1.316 ms - -[0m
[0mGET /depend.js [36m304 [0m1.465 ms - -[0m
[0mGET /bundle.js [36m304 [0m1.708 ms - -[0m
[0mGET / [36m304 [0m6.948 ms - -[0m
[0mGET /bundle.css [36m304 [0m2.254 ms - -[0m
[0mGET /depend.js [36m304 [0m2.020 ms - -[0m
[0mGET /bundle.js [36m304 [0m2.045 ms - -[0m
[0mGET / [36m304 [0m18.438 ms - -[0m
[0mGET /bundle.css [36m304 [0m2.730 ms - -[0m
[0mGET /depend.js [36m304 [0m1.532 ms - -[0m
[0mGET /bundle.js [36m304 [0m1.970 ms - -[0m
[0mGET / [36m304 [0m11.964 ms - -[0m
[0mGET /bundle.css [36m304 [0m1.503 ms - -[0m
[0mGET /depend.js [36m304 [0m3.056 ms - -[0m
[0mGET /bundle.js [36m304 [0m4.918 ms - -[0m
[0mGET / [36m304 [0m9.012 ms - -[0m
[0mGET /depend.js [36m304 [0m3.317 ms - -[0m
[0mGET /bundle.js [36m304 [0m2.902 ms - -[0m
[0mGET /bundle.css [32m200 [0m5.699 ms - 104[0m
[0mGET / [36m304 [0m9.610 ms - -[0m
[0mGET /depend.js [36m304 [0m0.977 ms - -[0m
[0mGET /bundle.js [36m304 [0m1.054 ms - -[0m
[0mGET /bundle.css [32m200 [0m2.024 ms - 104[0m
[0mGET / [36m304 [0m11.644 ms - -[0m
[0mGET /bundle.css [36m304 [0m0.990 ms - -[0m
[0mGET /depend.js [36m304 [0m1.139 ms - -[0m
[0mGET /bundle.js [36m304 [0m1.635 ms - -[0m
[0mGET / [36m304 [0m16.121 ms - -[0m
[0mGET /bundle.css [36m304 [0m1.080 ms - -[0m
[0mGET /depend.js [36m304 [0m1.267 ms - -[0m
[0mGET /bundle.js [36m304 [0m2.234 ms - -[0m
[0mGET / [36m304 [0m6.293 ms - -[0m
[0mGET /depend.js [36m304 [0m1.585 ms - -[0m
[0mGET /bundle.js [36m304 [0m1.198 ms - -[0m
[0mGET /bundle.css [32m200 [0m2.624 ms - 103[0m
[0mGET / [36m304 [0m9.837 ms - -[0m
[0mGET /bundle.css [36m304 [0m0.953 ms - -[0m
[0mGET /depend.js [36m304 [0m0.976 ms - -[0m
[0mGET /bundle.js [36m304 [0m1.049 ms - -[0m
[0mGET / [36m304 [0m159.747 ms - -[0m
[0mGET /bundle.css [36m304 [0m5.512 ms - -[0m
[0mGET /depend.js [36m304 [0m6.090 ms - -[0m
[0mGET /bundle.js [32m200 [0m6.742 ms - 664[0m
[0mGET / [36m304 [0m31.198 ms - -[0m
[0mGET /bundle.css?livereload=1426460030759 [32m- [0m- ms - 103[0m
[0mGET /depend.js [36m304 [0m0.872 ms - -[0m
[0mGET /bundle.js [36m304 [0m1.670 ms - -[0m
[0mGET /bundle.css [32m200 [0m5.538 ms - 103[0m
[0mGET /bundle.css?livereload=1426460031378 [32m200 [0m0.862 ms - 103[0m
[0mGET / [36m304 [0m10.700 ms - -[0m
[0mGET /bundle.css [36m304 [0m1.344 ms - -[0m
[0mGET /depend.js [36m304 [0m1.916 ms - -[0m
[0mGET /bundle.js [36m304 [0m2.542 ms - -[0m
[0mGET / [36m304 [0m20.586 ms - -[0m
[0mGET /bundle.css [36m304 [0m1.767 ms - -[0m
[0mGET /depend.js [36m304 [0m2.273 ms - -[0m
[0mGET /bundle.js [36m304 [0m3.269 ms - -[0m
[0mGET / [36m304 [0m11.600 ms - -[0m
[0mGET /bundle.css [36m304 [0m2.537 ms - -[0m
[0mGET /depend.js [36m304 [0m2.633 ms - -[0m
[0mGET /bundle.js [36m304 [0m2.938 ms - -[0m
[0mGET / [36m304 [0m7.351 ms - -[0m
[0mGET /bundle.css [36m304 [0m3.536 ms - -[0m
[0mGET /depend.js [36m304 [0m4.102 ms - -[0m
[0mGET /bundle.js [36m304 [0m4.105 ms - -[0m
[0mGET / [36m304 [0m14.790 ms - -[0m
[0mGET /bundle.css [36m304 [0m1.224 ms - -[0m
[0mGET /depend.js [36m304 [0m1.233 ms - -[0m
[0mGET /bundle.js [36m304 [0m1.629 ms - -[0m
[0mGET / [36m304 [0m19.954 ms - -[0m
[0mGET /bundle.css?livereload=1426460034930 [32m- [0m- ms - -[0m
[0mGET /depend.js [36m304 [0m6.489 ms - -[0m
[0mGET /bundle.js [36m304 [0m2.906 ms - -[0m
[0mGET /bundle.css [32m200 [0m10.144 ms - 102[0m
[0mGET / [36m304 [0m20.130 ms - -[0m
[0mGET /bundle.css [36m304 [0m2.160 ms - -[0m
[0mGET /depend.js [36m304 [0m1.512 ms - -[0m
[0mGET /bundle.js [36m304 [0m1.023 ms - -[0m
[0mGET / [36m304 [0m14.580 ms - -[0m
[0mGET /bundle.css?livereload=1426460038245 [32m- [0m- ms - -[0m
[0mGET /depend.js [36m304 [0m1.406 ms - -[0m
[0mGET /bundle.js [36m304 [0m1.583 ms - -[0m
[0mGET /bundle.css [32m200 [0m3.542 ms - 102[0m
[0mGET /bundle.css?livereload=1426460038884 [32m200 [0m0.938 ms - 102[0m
[0mGET / [36m304 [0m12.747 ms - -[0m
[0mGET /bundle.css [36m304 [0m1.297 ms - -[0m
[0mGET /depend.js [36m304 [0m1.113 ms - -[0m
[0mGET /bundle.js [36m304 [0m1.231 ms - -[0m
[0mGET / [36m304 [0m4.771 ms - -[0m
[0mGET /bundle.css [36m304 [0m0.949 ms - -[0m
[0mGET /depend.js [36m304 [0m2.734 ms - -[0m
[0mGET /bundle.js [36m304 [0m3.412 ms - -[0m
[0mGET / [36m304 [0m3.641 ms - -[0m
[0mGET /bundle.css [36m304 [0m3.040 ms - -[0m
[0mGET /depend.js [36m304 [0m1.504 ms - -[0m
[0mGET /bundle.js [36m304 [0m1.525 ms - -[0m
[0mGET / [36m304 [0m4.432 ms - -[0m
[0mGET /bundle.css [36m304 [0m1.546 ms - -[0m
[0mGET /depend.js [36m304 [0m2.211 ms - -[0m
[0mGET /bundle.js [36m304 [0m2.281 ms - -[0m
[0mGET / [36m304 [0m14.710 ms - -[0m
[0mGET /bundle.css?livereload=1426460043577 [32m200 [0m2.928 ms - 104[0m
[0mGET /depend.js [36m304 [0m1.168 ms - -[0m
[0mGET /bundle.css [32m200 [0m11.408 ms - 104[0m
[0mGET /bundle.js [36m304 [0m7.195 ms - -[0m
[0mGET /bundle.css?livereload=1426460044276 [32m200 [0m0.503 ms - 104[0m
[0mGET / [36m304 [0m7.503 ms - -[0m
[0mGET /depend.js [36m304 [0m2.002 ms - -[0m
[0mGET /bundle.js [36m304 [0m1.337 ms - -[0m
[0mGET /bundle.css [32m200 [0m3.041 ms - 104[0m
[0mGET / [36m304 [0m5.655 ms - -[0m
[0mGET /depend.js [36m304 [0m0.965 ms - -[0m
[0mGET /bundle.js [36m304 [0m0.731 ms - -[0m
[0mGET /bundle.css [32m200 [0m3.106 ms - 104[0m
[0mGET /bundle.css?livereload=1426460114858 [32m200 [0m0.810 ms - 104[0m
[0mGET / [36m304 [0m163.210 ms - -[0m
[0mGET /bundle.css [36m304 [0m4.387 ms - -[0m
[0mGET /depend.js [36m304 [0m4.282 ms - -[0m
[0mGET /bundle.js [32m200 [0m4.278 ms - 664[0m
[0mGET / [36m304 [0m20.427 ms - -[0m
[0mGET /bundle.css [36m304 [0m1.325 ms - -[0m
[0mGET /depend.js [36m304 [0m1.321 ms - -[0m
[0mGET /bundle.js [36m304 [0m1.272 ms - -[0m
[0mGET / [36m304 [0m6.923 ms - -[0m
[0mGET /bundle.css [36m304 [0m0.937 ms - -[0m
[0mGET /depend.js [36m304 [0m1.137 ms - -[0m
[0mGET /bundle.js [36m304 [0m1.392 ms - -[0m
[0mGET / [36m304 [0m13.813 ms - -[0m
[0mGET /bundle.css [36m304 [0m2.367 ms - -[0m
[0mGET /depend.js [36m304 [0m2.468 ms - -[0m
[0mGET /bundle.js [36m304 [0m3.298 ms - -[0m
[0mGET /bundle.css?livereload=1426460123512 [32m200 [0m1.763 ms - 102[0m
[0mGET /bundle.css?livereload=1426460124098 [32m200 [0m0.765 ms - 102[0m
[0mGET /bundle.css?livereload=1426460128715 [32m200 [0m0.915 ms - 102[0m
[0mGET /bundle.css?livereload=1426460129264 [32m200 [0m0.949 ms - 102[0m
[0mGET / [36m304 [0m7.811 ms - -[0m
[0mGET /depend.js [36m304 [0m1.695 ms - -[0m
[0mGET /bundle.js [36m304 [0m1.508 ms - -[0m
[0mGET /bundle.css [32m200 [0m3.531 ms - 102[0m
[0mGET / [36m304 [0m8.987 ms - -[0m
[0mGET /bundle.css [36m304 [0m2.384 ms - -[0m
[0mGET /depend.js [36m304 [0m1.660 ms - -[0m
[0mGET /bundle.js [36m304 [0m1.626 ms - -[0m
[0mGET / [36m304 [0m8.624 ms - -[0m
[0mGET /bundle.css [36m304 [0m0.789 ms - -[0m
[0mGET /depend.js [36m304 [0m1.193 ms - -[0m
[0mGET /bundle.js [36m304 [0m1.905 ms - -[0m
[0mGET / [36m304 [0m13.006 ms - -[0m
[0mGET /bundle.css [36m304 [0m1.380 ms - -[0m
[0mGET /depend.js [36m304 [0m1.535 ms - -[0m
[0mGET /bundle.js [36m304 [0m1.382 ms - -[0m
[0mGET / [36m304 [0m13.139 ms - -[0m
[0mGET /bundle.css [36m304 [0m1.980 ms - -[0m
[0mGET /depend.js [36m304 [0m2.265 ms - -[0m
[0mGET /bundle.js [36m304 [0m2.001 ms - -[0m
[0mGET / [36m304 [0m6.914 ms - -[0m
[0mGET /bundle.css [36m304 [0m1.938 ms - -[0m
[0mGET /depend.js [36m304 [0m3.156 ms - -[0m
[0mGET /bundle.js [36m304 [0m4.444 ms - -[0m
[0mGET / [36m304 [0m10.852 ms - -[0m
[0mGET /bundle.css [36m304 [0m1.223 ms - -[0m
[0mGET /depend.js [36m304 [0m1.453 ms - -[0m
[0mGET /bundle.js [36m304 [0m1.591 ms - -[0m
[0mGET / [36m304 [0m6.696 ms - -[0m
[0mGET /bundle.css [36m304 [0m0.940 ms - -[0m
[0mGET /depend.js [36m304 [0m1.202 ms - -[0m
[0mGET /bundle.js [36m304 [0m1.766 ms - -[0m
[0mGET /bundle.css?livereload=1426460142817 [32m200 [0m0.630 ms - 103[0m
[0mGET /bundle.css?livereload=1426460143457 [32m200 [0m0.508 ms - 103[0m
[0mGET / [36m304 [0m6.439 ms - -[0m
[0mGET /depend.js [36m304 [0m1.231 ms - -[0m
[0mGET /bundle.js [36m304 [0m1.622 ms - -[0m
[0mGET /bundle.css [32m200 [0m3.182 ms - 103[0m
[0mGET / [36m304 [0m160.755 ms - -[0m
[0mGET /bundle.css [36m304 [0m3.837 ms - -[0m
[0mGET /depend.js [36m304 [0m4.664 ms - -[0m
[0mGET /bundle.js [32m200 [0m6.559 ms - 664[0m
[0mGET /bundle.css?livereload=1426460264313 [32m200 [0m1.593 ms - 103[0m
[0mGET / [36m304 [0m22.729 ms - -[0m
[0mGET /depend.js [36m304 [0m1.105 ms - -[0m
[0mGET /bundle.js [36m304 [0m1.380 ms - -[0m
[0mGET /bundle.css [32m200 [0m2.218 ms - 103[0m
[0mGET /bundle.css?livereload=1426460271698 [32m200 [0m0.755 ms - 102[0m
[0mGET / [36m304 [0m8.186 ms - -[0m
[0mGET /depend.js [36m304 [0m1.329 ms - -[0m
[0mGET /bundle.js [36m304 [0m1.882 ms - -[0m
[0mGET /bundle.css [32m200 [0m5.333 ms - 102[0m
[0mGET /bundle.css?livereload=1426460681012 [32m200 [0m1.725 ms - 102[0m
[0mGET /bundle.css?livereload=1426460681716 [32m200 [0m1.449 ms - 104[0m
[0mGET /bundle.css?livereload=1426460688470 [32m200 [0m1.014 ms - 104[0m
[0mGET /bundle.css?livereload=1426460690685 [32m200 [0m1.190 ms - 103[0m
[0mGET /bundle.css?livereload=1426460696527 [32m200 [0m0.836 ms - 103[0m
[0mGET /bundle.css?livereload=1426460700055 [32m200 [0m0.637 ms - 105[0m
[0mGET /bundle.css?livereload=1426460707405 [32m200 [0m0.696 ms - 105[0m
[0mGET /bundle.css?livereload=1426460713249 [32m200 [0m0.674 ms - 102[0m
[0mGET /bundle.css?livereload=1426460718505 [32m200 [0m0.654 ms - 102[0m
[0mGET /bundle.css?livereload=1426460720806 [32m200 [0m0.729 ms - 103[0m
[0mGET / [36m304 [0m13.424 ms - -[0m
[0mGET /depend.js [36m304 [0m1.483 ms - -[0m
[0mGET /bundle.js [36m304 [0m0.914 ms - -[0m
[0mGET /bundle.css [32m200 [0m3.866 ms - 103[0m
